<?xml version="1.0" encoding="UTF-8"?>
<!-- Generated by org.testng.reporters.JUnitXMLReporter -->
<testsuite ignored="0" hostname="MilanThakkar" failures="2" tests="3" name="Test" time="10.875" errors="0" timestamp="2023-07-07T17:49:24 EDT">
  <testcase classname="test.Hollister.HollisterHomeTest" name="TitleTest" time="0.006">
    <failure type="java.lang.NullPointerException" message="Cannot invoke &amp;quot;page.Hollister.HollisterHomePage.Title()&amp;quot; because &amp;quot;this.home&amp;quot; is null">
      <![CDATA[java.lang.NullPointerException: Cannot invoke "page.Hollister.HollisterHomePage.Title()" because "this.home" is null
at test.Hollister.HollisterHomeTest.TitleTest(HollisterHomeTest.java:34)
at java.base/java.util.ArrayList.forEach(ArrayList.java:1511)
... Removed 27 stack frames]]>
    </failure>
  </testcase> <!-- TitleTest -->
  <testcase classname="test.Hollister.HollisterHomeTest" name="verifyLogo" time="0.0">
    <skipped/>
  </testcase> <!-- verifyLogo -->
  <testcase classname="test.Hollister.HollisterHomeTest" name="VerifySignInButton" time="0.002">
    <failure type="java.lang.NullPointerException" message="Cannot invoke &amp;quot;page.Hollister.HollisterHomePage.SignInButton()&amp;quot; because &amp;quot;this.home&amp;quot; is null">
      <![CDATA[java.lang.NullPointerException: Cannot invoke "page.Hollister.HollisterHomePage.SignInButton()" because "this.home" is null
at test.Hollister.HollisterHomeTest.VerifySignInButton(HollisterHomeTest.java:44)
at java.base/java.util.ArrayList.forEach(ArrayList.java:1511)
... Removed 27 stack frames]]>
    </failure>
  </testcase> <!-- VerifySignInButton -->
</testsuite> <!-- Test -->
